Arguments: 
  /Users/matt/.nvm/versions/node/v10.11.0/bin/node /usr/local/Cellar/yarn/1.9.4/libexec/bin/yarn.js add apollo-server yup bcrypt jwt date-fins knex sqlite3

PATH: 
  /Users/matt/.pyenv/shims:/Users/matt/anaconda3/bin:/Applications/Postgres.app/Contents/Versions/9.5/bin/:/Users/matt/.nvm/versions/node/v10.11.0/bin:/Users/matt/.pyenv/shims:/usr/local/bin:/usr/bin:/bin:/usr/sbin:/sbin:/opt/X11/bin:/Users/matt/Library/Android/sdk/platform-tools/:/Users/matt/.yarn/bin

Yarn version: 
  1.9.4

Node version: 
  10.11.0

Platform: 
  darwin x64

Trace: 
  Error: https://registry.yarnpkg.com/date-fins: Not found
      at Request.params.callback [as _callback] (/usr/local/Cellar/yarn/1.9.4/libexec/lib/cli.js:64202:18)
      at Request.self.callback (/usr/local/Cellar/yarn/1.9.4/libexec/lib/cli.js:137468:22)
      at Request.emit (events.js:182:13)
      at Request.<anonymous> (/usr/local/Cellar/yarn/1.9.4/libexec/lib/cli.js:138440:10)
      at Request.emit (events.js:182:13)
      at IncomingMessage.<anonymous> (/usr/local/Cellar/yarn/1.9.4/libexec/lib/cli.js:138362:12)
      at Object.onceWrapper (events.js:273:13)
      at IncomingMessage.emit (events.js:187:15)
      at endReadableNT (_stream_readable.js:1092:12)
      at process._tickCallback (internal/process/next_tick.js:63:19)

npm manifest: 
  {
    "name": "server",
    "private": true,
    "version": "0.1.0",
    "scripts": {
      "start": "node -r esm ./src/index.js"
    },
    "dependencies": {
      "esm": "^3.0.84"
    }
  }

yarn manifest: 
  No manifest

Lockfile: 
  # THIS IS AN AUTOGENERATED FILE. DO NOT EDIT THIS FILE DIRECTLY.
  # yarn lockfile v1
  
  
  esm@^3.0.84:
    version "3.0.84"
    resolved "https://registry.yarnpkg.com/esm/-/esm-3.0.84.tgz#bb108989f4673b32d4f62406869c28eed3815a63"
